c:\users\dan\downloads\vs-master\antcolonyoptimization\antcolonyoptimization\x64\debug\vc140.pdb
c:\users\dan\downloads\vs-master\antcolonyoptimization\antcolonyoptimization\x64\debug\vc140.idb
c:\users\dan\downloads\vs-master\antcolonyoptimization\antcolonyoptimization\x64\debug\ameise.obj
c:\users\dan\downloads\vs-master\antcolonyoptimization\antcolonyoptimization\x64\debug\ameisenhuegel.obj
c:\users\dan\downloads\vs-master\antcolonyoptimization\antcolonyoptimization\x64\debug\antcolonyoptimization.obj
c:\users\dan\downloads\vs-master\antcolonyoptimization\antcolonyoptimization\x64\debug\area.obj
c:\users\dan\downloads\vs-master\antcolonyoptimization\antcolonyoptimization\x64\debug\futter.obj
c:\users\dan\downloads\vs-master\antcolonyoptimization\antcolonyoptimization\x64\debug\homeposition.obj
c:\users\dan\downloads\vs-master\antcolonyoptimization\antcolonyoptimization\x64\debug\position.obj
c:\users\dan\downloads\vs-master\antcolonyoptimization\antcolonyoptimization\x64\debug\simulation.obj
c:\users\dan\downloads\vs-master\antcolonyoptimization\antcolonyoptimization\x64\debug\stdafx.obj
c:\users\dan\downloads\vs-master\antcolonyoptimization\x64\debug\antcolonyoptimization.ilk
c:\users\dan\downloads\vs-master\antcolonyoptimization\x64\debug\antcolonyoptimization.exe
c:\users\dan\downloads\vs-master\antcolonyoptimization\x64\debug\antcolonyoptimization.pdb
c:\users\dan\downloads\vs-master\antcolonyoptimization\antcolonyoptimization\x64\debug\antcolon.1cb7aeef.tlog\cl.command.1.tlog
c:\users\dan\downloads\vs-master\antcolonyoptimization\antcolonyoptimization\x64\debug\antcolon.1cb7aeef.tlog\cl.read.1.tlog
c:\users\dan\downloads\vs-master\antcolonyoptimization\antcolonyoptimization\x64\debug\antcolon.1cb7aeef.tlog\cl.write.1.tlog
c:\users\dan\downloads\vs-master\antcolonyoptimization\antcolonyoptimization\x64\debug\antcolon.1cb7aeef.tlog\link.command.1.tlog
c:\users\dan\downloads\vs-master\antcolonyoptimization\antcolonyoptimization\x64\debug\antcolon.1cb7aeef.tlog\link.read.1.tlog
c:\users\dan\downloads\vs-master\antcolonyoptimization\antcolonyoptimization\x64\debug\antcolon.1cb7aeef.tlog\link.write.1.tlog
